<?xml version='1.0' encoding='UTF-8'?>
<testsuite hostname="kaixuan-virtual-machine" name="roundTest" tests="1" errors="0" failures="0" skipped="0" time="2.19" timestamp="2022-09-25T00:57:32">
          <properties>
[...]
</properties>
          <testcase classname="roundTest" name="md5round should do right thing" time="2.19">
                      
                    </testcase>
          <system-out><![CDATA[]]></system-out>
          <system-err><![CDATA[]]></system-err>
        </testsuite>